[2020-07-25 13:52:54.838679] Admidio.WARNING: AUTHENTICATION: Incorrect username/password! {"username":"mws_admin","numberInvalid":1,"dateInvalid":"2020-07-25 13:52:54"} {"file":"M:\\wamp64\\www\\adm_program\\system\\classes\\User.php","line":1523,"class":"User","function":"handleIncorrectPasswordLogin"}
[2020-07-25 13:53:58.705090] Admidio.WARNING: DEPRECATED: "new AdmException(SYS_FIELD_EMPTY, Username)" is deprecated, use "new AdmException(SYS_FIELD_EMPTY, array(Username))" instead! {"message":"SYS_FIELD_EMPTY","params":"Username","allParams":["SYS_FIELD_EMPTY","Username"]} {"file":"M:\\wamp64\\www\\adm_program\\system\\classes\\AdmException.php","line":77,"class":"AdmException","function":"__construct"}
[2020-07-25 14:04:43.857032] Admidio.CRITICAL: Class-File for Class "TableContribution" could not be found and included!  {"file":"M:\\wamp64\\www\\adm_program\\system\\autoload.php","line":51,"class":null,"function":"admFuncAutoload"}
[2020-07-25 14:05:09.334201] Admidio.WARNING: AUTHENTICATION: Incorrect username/password! {"username":"admin","password":"******"} {"file":"M:\\wamp64\\www\\adm_program\\system\\login_func.php","line":95,"class":null,"function":"createUserObjectFromPost"}
[2020-07-25 14:05:23.934233] Admidio.WARNING: AUTHENTICATION: Incorrect username/password! {"username":"admin","password":"******"} {"file":"M:\\wamp64\\www\\adm_program\\system\\login_func.php","line":95,"class":null,"function":"createUserObjectFromPost"}
[2020-07-25 14:05:25.660487] Admidio.WARNING: AUTHENTICATION: Incorrect username/password! {"username":"admin","password":"******"} {"file":"M:\\wamp64\\www\\adm_program\\system\\login_func.php","line":95,"class":null,"function":"createUserObjectFromPost"}
[2020-07-25 14:05:40.559995] Admidio.WARNING: AUTHENTICATION: Incorrect username/password! {"username":"admin","password":"******"} {"file":"M:\\wamp64\\www\\adm_program\\system\\login_func.php","line":95,"class":null,"function":"createUserObjectFromPost"}
[2020-07-25 14:08:26.587876] Admidio.CRITICAL: Class-File for Class "TableContribution" could not be found and included!  {"file":"M:\\wamp64\\www\\adm_program\\system\\autoload.php","line":51,"class":null,"function":"admFuncAutoload"}
[2020-07-25 14:08:54.804301] Admidio.WARNING: AUTHENTICATION: Incorrect username/password! {"username":"admin","password":"******"} {"file":"M:\\wamp64\\www\\adm_program\\system\\login_func.php","line":95,"class":null,"function":"createUserObjectFromPost"}
[2020-07-25 14:09:05.868151] Admidio.WARNING: AUTHENTICATION: Incorrect username/password! {"username":"admin","password":"******"} {"file":"M:\\wamp64\\www\\adm_program\\system\\login_func.php","line":95,"class":null,"function":"createUserObjectFromPost"}
[2020-07-25 14:10:46.970604] Admidio.CRITICAL: Class-File for Class "TableContribution" could not be found and included!  {"file":"M:\\wamp64\\www\\adm_program\\system\\autoload.php","line":51,"class":null,"function":"admFuncAutoload"}
[2020-07-25 14:14:10.742043] Admidio.CRITICAL: Class-File for Class "TableContribution" could not be found and included!  {"file":"M:\\wamp64\\www\\adm_program\\system\\autoload.php","line":51,"class":null,"function":"admFuncAutoload"}
[2020-07-25 15:55:50.832860] Admidio.CRITICAL: Class-File for Class "ModuleSongs" could not be found and included!  {"file":"M:\\wamp64\\www\\adm_program\\system\\autoload.php","line":51,"class":null,"function":"admFuncAutoload"}
[2020-07-25 16:44:36.339967] Admidio.ERROR: L10N: Could not found text-id! {"textId":"Get rid of this damn contribution fee"} {"file":"M:\\wamp64\\www\\adm_program\\system\\classes\\Language.php","line":119,"class":"Language","function":"get"}
[2020-07-25 16:46:27.754740] Admidio.ERROR: L10N: Could not found text-id! {"textId":"Get rid of this damn contribution fee"} {"file":"M:\\wamp64\\www\\adm_program\\system\\classes\\Language.php","line":119,"class":"Language","function":"get"}
[2020-07-25 16:47:44.852072] Admidio.ERROR: L10N: Could not found text-id! {"textId":"Get rid of this damn contribution fee"} {"file":"M:\\wamp64\\www\\adm_program\\system\\classes\\Language.php","line":119,"class":"Language","function":"get"}
[2020-07-25 16:48:21.237429] Admidio.ERROR: L10N: Could not found text-id! {"textId":"Get rid of this damn contribution fee"} {"file":"M:\\wamp64\\www\\adm_program\\system\\classes\\Language.php","line":119,"class":"Language","function":"get"}
[2020-07-25 16:49:19.502591] Admidio.ERROR: L10N: Could not found text-id! {"textId":"Get rid of this damn contribution fee"} {"file":"M:\\wamp64\\www\\adm_program\\system\\classes\\Language.php","line":119,"class":"Language","function":"get"}
[2020-07-25 16:50:27.059256] Admidio.ERROR: L10N: Could not found text-id! {"textId":"Get rid of this damn contribution fee"} {"file":"M:\\wamp64\\www\\adm_program\\system\\classes\\Language.php","line":119,"class":"Language","function":"get"}
[2020-07-25 16:51:04.561252] Admidio.ERROR: L10N: Could not found text-id! {"textId":"Get rid of this damn contribution fee"} {"file":"M:\\wamp64\\www\\adm_program\\system\\classes\\Language.php","line":119,"class":"Language","function":"get"}
